<?xml version="1.0" encoding="UTF-8"?>
<!-- Generated by org.testng.reporters.JUnitReportReporter -->
<testsuite hostname="Jhansis-MacBook-Pro.local" failures="0" tests="1" name="TestLogins.TestTwo" time="0.004" errors="0" timestamp="2025-04-28T23:12:24 CDT" skipped="0">
  <testcase classname="TestLogins.TestTwo" name="testtwo" time="0.004"/>
</testsuite> <!-- TestLogins.TestTwo -->
