<?xml version="1.0" encoding="UTF-8"?>
<!-- Generated by org.testng.reporters.JUnitReportReporter -->
<testsuite hostname="Jhansis-MacBook-Pro.local" failures="0" tests="1" name="TestLogins.First" time="0.025" errors="0" timestamp="2025-04-28T23:12:24 CDT" skipped="0">
  <testcase classname="TestLogins.First" name="testone" time="0.025"/>
</testsuite> <!-- TestLogins.First -->
